<?xml version="1.0" encoding="UTF-8"?>
<!-- Generated by org.testng.reporters.JUnitReportReporter -->
<testsuite skipped="0" hostname="HP_Laptop" name="mavenFWProject.CustomerModuleTest" tests="2" failures="0" timestamp="30 Aug 2019 09:09:02 GMT" time="0.020" errors="0">
  <testcase name="createCustomerTest" time="0.017" classname="mavenFWProject.CustomerModuleTest"/>
  <testcase name="modifyCustomerTest" time="0.003" classname="mavenFWProject.CustomerModuleTest"/>
</testsuite> <!-- mavenFWProject.CustomerModuleTest -->
